Mon Aug 05 2019 14:18:39 GMT+0200 (Eastern European Standard Time): POST, /addtodos 
Mon Aug 05 2019 14:18:49 GMT+0200 (Eastern European Standard Time): POST, /addtodos 
Mon Aug 05 2019 18:56:05 GMT+0200 (Eastern European Standard Time): POST, /addtodos 
Mon Aug 05 2019 18:58:14 GMT+0200 (Eastern European Standard Time): POST, /addtodos 
Mon Aug 05 2019 19:11:34 GMT+0200 (Eastern European Standard Time): POST, /addtodos 
Mon Aug 05 2019 19:13:57 GMT+0200 (Eastern European Standard Time): POST, /addtodos 
Mon Aug 05 2019 19:23:29 GMT+0200 (Eastern European Standard Time): POST, /addtodos 
Mon Aug 05 2019 19:24:32 GMT+0200 (Eastern European Standard Time): POST, /addtodos 
Mon Aug 05 2019 19:27:50 GMT+0200 (Eastern European Standard Time): GET, /getall 
Mon Aug 05 2019 19:28:21 GMT+0200 (Eastern European Standard Time): POST, /addtodos 
Mon Aug 05 2019 19:28:27 GMT+0200 (Eastern European Standard Time): GET, /getall 
Mon Aug 05 2019 19:34:34 GMT+0200 (Eastern European Standard Time): POST, /addtodos 
Mon Aug 05 2019 19:35:07 GMT+0200 (Eastern European Standard Time): POST, /addtodos 
Mon Aug 05 2019 19:39:37 GMT+0200 (Eastern European Standard Time): POST, /addtodos 
Mon Aug 05 2019 19:39:37 GMT+0200 (Eastern European Standard Time): POST, /addtodos 
Mon Aug 05 2019 19:44:09 GMT+0200 (Eastern European Standard Time): POST, /addtodos 
Mon Aug 05 2019 19:44:09 GMT+0200 (Eastern European Standard Time): POST, /addtodos 
Mon Aug 05 2019 19:44:09 GMT+0200 (Eastern European Standard Time): GET, /getall 
Mon Aug 05 2019 19:44:23 GMT+0200 (Eastern European Standard Time): POST, /addtodos 
Mon Aug 05 2019 19:44:23 GMT+0200 (Eastern European Standard Time): POST, /addtodos 
Mon Aug 05 2019 19:44:23 GMT+0200 (Eastern European Standard Time): GET, /getall 
Mon Aug 05 2019 19:45:58 GMT+0200 (Eastern European Standard Time): POST, /addtodos 
Mon Aug 05 2019 19:45:58 GMT+0200 (Eastern European Standard Time): POST, /addtodos 
Mon Aug 05 2019 19:45:58 GMT+0200 (Eastern European Standard Time): GET, /getall 
Tue Aug 06 2019 17:34:27 GMT+0200 (Eastern European Standard Time): GET, /todos/5d486b56daf7b332c4f3d74b 
Tue Aug 06 2019 17:34:39 GMT+0200 (Eastern European Standard Time): GET, /todos/5d486b56daf7b332c4f3d74c 
Tue Aug 06 2019 17:34:49 GMT+0200 (Eastern European Standard Time): GET, /todos/5d486b56daf7b332c4f3d74e 
Tue Aug 06 2019 17:35:12 GMT+0200 (Eastern European Standard Time): GET, /todos/5d486b56daf7b332c4f3d74e3 
Tue Aug 06 2019 19:28:01 GMT+0200 (Eastern European Standard Time): POST, /addtodos 
Tue Aug 06 2019 19:28:01 GMT+0200 (Eastern European Standard Time): POST, /addtodos 
Tue Aug 06 2019 19:28:01 GMT+0200 (Eastern European Standard Time): GET, /getall 
Tue Aug 06 2019 19:28:58 GMT+0200 (Eastern European Standard Time): POST, /addtodos 
Tue Aug 06 2019 19:28:58 GMT+0200 (Eastern European Standard Time): POST, /addtodos 
Tue Aug 06 2019 19:28:58 GMT+0200 (Eastern European Standard Time): GET, /getall 
Tue Aug 06 2019 19:32:30 GMT+0200 (Eastern European Standard Time): POST, /addtodos 
Tue Aug 06 2019 19:32:30 GMT+0200 (Eastern European Standard Time): POST, /addtodos 
Tue Aug 06 2019 19:32:30 GMT+0200 (Eastern European Standard Time): GET, /getall 
Tue Aug 06 2019 19:32:30 GMT+0200 (Eastern European Standard Time): GET, /todos/function()%20%7B%0A%20%20if%20(ObjectID.cacheHexString%20&&%20this.__id)%20return%20this.__id;%0A%0A%20%20var%20hexString%20=%20%27%27;%0A%20%20if%20(!this.id%20%7C%7C%20!this.id.length)%20%7B%0A%20%20%20%20throw%20new%20Error(%0A%20%20%20%20%20%20%27invalid%20ObjectId,%20ObjectId.id%20must%20be%20either%20a%20string%20or%20a%20Buffer,%20but%20is%20[%27%20+%0A%20%20%20%20%20%20%20%20JSON.stringify(this.id)%20+%0A%20%20%20%20%20%20%20%20%27]%27%0A%20%20%20%20);%0A%20%20%7D%0A%0A%20%20if%20(this.id%20instanceof%20_Buffer)%20%7B%0A%20%20%20%20hexString%20=%20convertToHex(this.id);%0A%20%20%20%20if%20(ObjectID.cacheHexString)%20this.__id%20=%20hexString;%0A%20%20%20%20return%20hexString;%0A%20%20%7D%0A%0A%20%20for%20(var%20i%20=%200;%20i%20%3C%20this.id.length;%20i++)%20%7B%0A%20%20%20%20hexString%20+=%20hexTable[this.id.charCodeAt(i)];%0A%20%20%7D%0A%0A%20%20if%20(ObjectID.cacheHexString)%20this.__id%20=%20hexString;%0A%20%20return%20hexString;%0A%7D 
Tue Aug 06 2019 19:33:21 GMT+0200 (Eastern European Standard Time): POST, /addtodos 
Tue Aug 06 2019 19:33:21 GMT+0200 (Eastern European Standard Time): POST, /addtodos 
Tue Aug 06 2019 19:33:21 GMT+0200 (Eastern European Standard Time): GET, /getall 
Tue Aug 06 2019 19:33:21 GMT+0200 (Eastern European Standard Time): GET, /todos/function()%20%7B%0A%20%20if%20(ObjectID.cacheHexString%20&&%20this.__id)%20return%20this.__id;%0A%0A%20%20var%20hexString%20=%20%27%27;%0A%20%20if%20(!this.id%20%7C%7C%20!this.id.length)%20%7B%0A%20%20%20%20throw%20new%20Error(%0A%20%20%20%20%20%20%27invalid%20ObjectId,%20ObjectId.id%20must%20be%20either%20a%20string%20or%20a%20Buffer,%20but%20is%20[%27%20+%0A%20%20%20%20%20%20%20%20JSON.stringify(this.id)%20+%0A%20%20%20%20%20%20%20%20%27]%27%0A%20%20%20%20);%0A%20%20%7D%0A%0A%20%20if%20(this.id%20instanceof%20_Buffer)%20%7B%0A%20%20%20%20hexString%20=%20convertToHex(this.id);%0A%20%20%20%20if%20(ObjectID.cacheHexString)%20this.__id%20=%20hexString;%0A%20%20%20%20return%20hexString;%0A%20%20%7D%0A%0A%20%20for%20(var%20i%20=%200;%20i%20%3C%20this.id.length;%20i++)%20%7B%0A%20%20%20%20hexString%20+=%20hexTable[this.id.charCodeAt(i)];%0A%20%20%7D%0A%0A%20%20if%20(ObjectID.cacheHexString)%20this.__id%20=%20hexString;%0A%20%20return%20hexString;%0A%7D 
Tue Aug 06 2019 19:34:08 GMT+0200 (Eastern European Standard Time): POST, /addtodos 
Tue Aug 06 2019 19:34:08 GMT+0200 (Eastern European Standard Time): POST, /addtodos 
Tue Aug 06 2019 19:34:08 GMT+0200 (Eastern European Standard Time): GET, /getall 
Tue Aug 06 2019 19:34:08 GMT+0200 (Eastern European Standard Time): GET, /todos/function()%20%7B%0A%20%20if%20(ObjectID.cacheHexString%20&&%20this.__id)%20return%20this.__id;%0A%0A%20%20var%20hexString%20=%20%27%27;%0A%20%20if%20(!this.id%20%7C%7C%20!this.id.length)%20%7B%0A%20%20%20%20throw%20new%20Error(%0A%20%20%20%20%20%20%27invalid%20ObjectId,%20ObjectId.id%20must%20be%20either%20a%20string%20or%20a%20Buffer,%20but%20is%20[%27%20+%0A%20%20%20%20%20%20%20%20JSON.stringify(this.id)%20+%0A%20%20%20%20%20%20%20%20%27]%27%0A%20%20%20%20);%0A%20%20%7D%0A%0A%20%20if%20(this.id%20instanceof%20_Buffer)%20%7B%0A%20%20%20%20hexString%20=%20convertToHex(this.id);%0A%20%20%20%20if%20(ObjectID.cacheHexString)%20this.__id%20=%20hexString;%0A%20%20%20%20return%20hexString;%0A%20%20%7D%0A%0A%20%20for%20(var%20i%20=%200;%20i%20%3C%20this.id.length;%20i++)%20%7B%0A%20%20%20%20hexString%20+=%20hexTable[this.id.charCodeAt(i)];%0A%20%20%7D%0A%0A%20%20if%20(ObjectID.cacheHexString)%20this.__id%20=%20hexString;%0A%20%20return%20hexString;%0A%7D 
Tue Aug 06 2019 19:35:54 GMT+0200 (Eastern European Standard Time): POST, /addtodos 
Tue Aug 06 2019 19:35:54 GMT+0200 (Eastern European Standard Time): POST, /addtodos 
Tue Aug 06 2019 19:35:54 GMT+0200 (Eastern European Standard Time): GET, /getall 
Tue Aug 06 2019 19:35:54 GMT+0200 (Eastern European Standard Time): GET, /todos/function()%20%7B%0A%20%20if%20(ObjectID.cacheHexString%20&&%20this.__id)%20return%20this.__id;%0A%0A%20%20var%20hexString%20=%20%27%27;%0A%20%20if%20(!this.id%20%7C%7C%20!this.id.length)%20%7B%0A%20%20%20%20throw%20new%20Error(%0A%20%20%20%20%20%20%27invalid%20ObjectId,%20ObjectId.id%20must%20be%20either%20a%20string%20or%20a%20Buffer,%20but%20is%20[%27%20+%0A%20%20%20%20%20%20%20%20JSON.stringify(this.id)%20+%0A%20%20%20%20%20%20%20%20%27]%27%0A%20%20%20%20);%0A%20%20%7D%0A%0A%20%20if%20(this.id%20instanceof%20_Buffer)%20%7B%0A%20%20%20%20hexString%20=%20convertToHex(this.id);%0A%20%20%20%20if%20(ObjectID.cacheHexString)%20this.__id%20=%20hexString;%0A%20%20%20%20return%20hexString;%0A%20%20%7D%0A%0A%20%20for%20(var%20i%20=%200;%20i%20%3C%20this.id.length;%20i++)%20%7B%0A%20%20%20%20hexString%20+=%20hexTable[this.id.charCodeAt(i)];%0A%20%20%7D%0A%0A%20%20if%20(ObjectID.cacheHexString)%20this.__id%20=%20hexString;%0A%20%20return%20hexString;%0A%7D 
Tue Aug 06 2019 19:37:12 GMT+0200 (Eastern European Standard Time): POST, /addtodos 
Tue Aug 06 2019 19:37:12 GMT+0200 (Eastern European Standard Time): POST, /addtodos 
Tue Aug 06 2019 19:37:12 GMT+0200 (Eastern European Standard Time): GET, /getall 
Tue Aug 06 2019 19:37:12 GMT+0200 (Eastern European Standard Time): GET, /todos/function()%20%7B%0A%20%20if%20(ObjectID.cacheHexString%20&&%20this.__id)%20return%20this.__id;%0A%0A%20%20var%20hexString%20=%20%27%27;%0A%20%20if%20(!this.id%20%7C%7C%20!this.id.length)%20%7B%0A%20%20%20%20throw%20new%20Error(%0A%20%20%20%20%20%20%27invalid%20ObjectId,%20ObjectId.id%20must%20be%20either%20a%20string%20or%20a%20Buffer,%20but%20is%20[%27%20+%0A%20%20%20%20%20%20%20%20JSON.stringify(this.id)%20+%0A%20%20%20%20%20%20%20%20%27]%27%0A%20%20%20%20);%0A%20%20%7D%0A%0A%20%20if%20(this.id%20instanceof%20_Buffer)%20%7B%0A%20%20%20%20hexString%20=%20convertToHex(this.id);%0A%20%20%20%20if%20(ObjectID.cacheHexString)%20this.__id%20=%20hexString;%0A%20%20%20%20return%20hexString;%0A%20%20%7D%0A%0A%20%20for%20(var%20i%20=%200;%20i%20%3C%20this.id.length;%20i++)%20%7B%0A%20%20%20%20hexString%20+=%20hexTable[this.id.charCodeAt(i)];%0A%20%20%7D%0A%0A%20%20if%20(ObjectID.cacheHexString)%20this.__id%20=%20hexString;%0A%20%20return%20hexString;%0A%7D 
Tue Aug 06 2019 19:37:35 GMT+0200 (Eastern European Standard Time): POST, /addtodos 
Tue Aug 06 2019 19:37:35 GMT+0200 (Eastern European Standard Time): POST, /addtodos 
Tue Aug 06 2019 19:37:35 GMT+0200 (Eastern European Standard Time): GET, /getall 
Tue Aug 06 2019 19:37:35 GMT+0200 (Eastern European Standard Time): GET, /todos/5d49badd3e073c04f4057376 
Tue Aug 06 2019 19:38:12 GMT+0200 (Eastern European Standard Time): POST, /addtodos 
Tue Aug 06 2019 19:38:12 GMT+0200 (Eastern European Standard Time): POST, /addtodos 
Tue Aug 06 2019 19:38:12 GMT+0200 (Eastern European Standard Time): GET, /getall 
Tue Aug 06 2019 19:38:12 GMT+0200 (Eastern European Standard Time): GET, /todos/5d49bb02f578732d44bd9d4c 
Tue Aug 06 2019 19:38:27 GMT+0200 (Eastern European Standard Time): POST, /addtodos 
Tue Aug 06 2019 19:38:27 GMT+0200 (Eastern European Standard Time): POST, /addtodos 
Tue Aug 06 2019 19:38:27 GMT+0200 (Eastern European Standard Time): GET, /getall 
Tue Aug 06 2019 19:38:27 GMT+0200 (Eastern European Standard Time): GET, /todos/5d49bb11a9051d28548f4ea8 
Tue Aug 06 2019 19:43:11 GMT+0200 (Eastern European Standard Time): POST, /addtodos 
Tue Aug 06 2019 19:43:11 GMT+0200 (Eastern European Standard Time): POST, /addtodos 
Tue Aug 06 2019 19:43:11 GMT+0200 (Eastern European Standard Time): GET, /getall 
Tue Aug 06 2019 19:43:11 GMT+0200 (Eastern European Standard Time): GET, /todos/5d49bc2d9dfa2f1b90109fe1 
Tue Aug 06 2019 19:43:11 GMT+0200 (Eastern European Standard Time): GET, /todos/function()%20%7B%0A%20%20if%20(ObjectID.cacheHexString%20&&%20this.__id)%20return%20this.__id;%0A%0A%20%20var%20hexString%20=%20%27%27;%0A%20%20if%20(!this.id%20%7C%7C%20!this.id.length)%20%7B%0A%20%20%20%20throw%20new%20Error(%0A%20%20%20%20%20%20%27invalid%20ObjectId,%20ObjectId.id%20must%20be%20either%20a%20string%20or%20a%20Buffer,%20but%20is%20[%27%20+%0A%20%20%20%20%20%20%20%20JSON.stringify(this.id)%20+%0A%20%20%20%20%20%20%20%20%27]%27%0A%20%20%20%20);%0A%20%20%7D%0A%0A%20%20if%20(this.id%20instanceof%20_Buffer)%20%7B%0A%20%20%20%20hexString%20=%20convertToHex(this.id);%0A%20%20%20%20if%20(ObjectID.cacheHexString)%20this.__id%20=%20hexString;%0A%20%20%20%20return%20hexString;%0A%20%20%7D%0A%0A%20%20for%20(var%20i%20=%200;%20i%20%3C%20this.id.length;%20i++)%20%7B%0A%20%20%20%20hexString%20+=%20hexTable[this.id.charCodeAt(i)];%0A%20%20%7D%0A%0A%20%20if%20(ObjectID.cacheHexString)%20this.__id%20=%20hexString;%0A%20%20return%20hexString;%0A%7D 
Tue Aug 06 2019 19:43:58 GMT+0200 (Eastern European Standard Time): POST, /addtodos 
Tue Aug 06 2019 19:43:58 GMT+0200 (Eastern European Standard Time): POST, /addtodos 
Tue Aug 06 2019 19:43:58 GMT+0200 (Eastern European Standard Time): GET, /getall 
Tue Aug 06 2019 19:43:58 GMT+0200 (Eastern European Standard Time): GET, /todos/5d49bc5c52181a0594078cba 
Tue Aug 06 2019 19:43:58 GMT+0200 (Eastern European Standard Time): GET, /todos/function()%20%7B%0A%20%20if%20(ObjectID.cacheHexString%20&&%20this.__id)%20return%20this.__id;%0A%0A%20%20var%20hexString%20=%20%27%27;%0A%20%20if%20(!this.id%20%7C%7C%20!this.id.length)%20%7B%0A%20%20%20%20throw%20new%20Error(%0A%20%20%20%20%20%20%27invalid%20ObjectId,%20ObjectId.id%20must%20be%20either%20a%20string%20or%20a%20Buffer,%20but%20is%20[%27%20+%0A%20%20%20%20%20%20%20%20JSON.stringify(this.id)%20+%0A%20%20%20%20%20%20%20%20%27]%27%0A%20%20%20%20);%0A%20%20%7D%0A%0A%20%20if%20(this.id%20instanceof%20_Buffer)%20%7B%0A%20%20%20%20hexString%20=%20convertToHex(this.id);%0A%20%20%20%20if%20(ObjectID.cacheHexString)%20this.__id%20=%20hexString;%0A%20%20%20%20return%20hexString;%0A%20%20%7D%0A%0A%20%20for%20(var%20i%20=%200;%20i%20%3C%20this.id.length;%20i++)%20%7B%0A%20%20%20%20hexString%20+=%20hexTable[this.id.charCodeAt(i)];%0A%20%20%7D%0A%0A%20%20if%20(ObjectID.cacheHexString)%20this.__id%20=%20hexString;%0A%20%20return%20hexString;%0A%7D 
Tue Aug 06 2019 19:45:53 GMT+0200 (Eastern European Standard Time): POST, /addtodos 
Tue Aug 06 2019 19:45:53 GMT+0200 (Eastern European Standard Time): POST, /addtodos 
Tue Aug 06 2019 19:45:53 GMT+0200 (Eastern European Standard Time): GET, /getall 
Tue Aug 06 2019 19:45:53 GMT+0200 (Eastern European Standard Time): GET, /todos/5d49bccfd98679144c7101c7 
Tue Aug 06 2019 19:45:53 GMT+0200 (Eastern European Standard Time): GET, /todos/5d49bcd1d98679144c7101d5 
Tue Aug 06 2019 19:45:53 GMT+0200 (Eastern European Standard Time): GET, /todos/123456 
Tue Aug 06 2019 19:55:40 GMT+0200 (Eastern European Standard Time): DELETE, /deletetodo/5d49bccfd98679144c7101c7 
Tue Aug 06 2019 19:56:41 GMT+0200 (Eastern European Standard Time): DELETE, /deletetodo/5d49bccfd98679144c7101c7 
Tue Aug 06 2019 19:57:03 GMT+0200 (Eastern European Standard Time): DELETE, /deletetodo/5d49bccfd98679144c7101c7 
Tue Aug 06 2019 19:58:12 GMT+0200 (Eastern European Standard Time): DELETE, /deletetodo/5d49bccfd98679144c7101c7 
Tue Aug 06 2019 19:59:02 GMT+0200 (Eastern European Standard Time): DELETE, /deletetodo/5d49bccfd98679144c7101c7 
Tue Aug 06 2019 20:00:25 GMT+0200 (Eastern European Standard Time): DELETE, /deletetodo/5d49bccfd98679144c7101c7 
Tue Aug 06 2019 20:00:44 GMT+0200 (Eastern European Standard Time): DELETE, /deletetodo/5d49bccfd98679144c7101c7 
Tue Aug 06 2019 20:01:24 GMT+0200 (Eastern European Standard Time): DELETE, /deletetodo/5d49bccfd98679144c7101c7 
Tue Aug 06 2019 20:01:53 GMT+0200 (Eastern European Standard Time): DELETE, /deletetodo/5d49bccfd98679144c7101c7 
Tue Aug 06 2019 20:02:14 GMT+0200 (Eastern European Standard Time): DELETE, /deletetodo/5d49bccfd98679144c7101c7 
Tue Aug 06 2019 20:02:33 GMT+0200 (Eastern European Standard Time): DELETE, /deletetodo/5d49bccfd98679144c7101c7 
Tue Aug 06 2019 20:04:07 GMT+0200 (Eastern European Standard Time): DELETE, /deletetodo/5d49bccfd98679144c7101c7 
Tue Aug 06 2019 20:04:37 GMT+0200 (Eastern European Standard Time): DELETE, /deletetodo/5d49bccfd98679144c7101c8 
Tue Aug 06 2019 20:05:13 GMT+0200 (Eastern European Standard Time): DELETE, /deletetodo/5d49bccfd98679144c7101c8 
Tue Aug 06 2019 20:09:46 GMT+0200 (Eastern European Standard Time): POST, /addtodos 
Tue Aug 06 2019 20:09:46 GMT+0200 (Eastern European Standard Time): POST, /addtodos 
Tue Aug 06 2019 20:09:46 GMT+0200 (Eastern European Standard Time): GET, /getall 
Tue Aug 06 2019 20:09:46 GMT+0200 (Eastern European Standard Time): GET, /todos/5d49c2689e175d31e875f1ad 
Tue Aug 06 2019 20:09:46 GMT+0200 (Eastern European Standard Time): GET, /todos/5d49c26a9e175d31e875f1bb 
Tue Aug 06 2019 20:09:46 GMT+0200 (Eastern European Standard Time): GET, /todos/123456 
Tue Aug 06 2019 20:11:14 GMT+0200 (Eastern European Standard Time): POST, /addtodos 
Tue Aug 06 2019 20:11:14 GMT+0200 (Eastern European Standard Time): POST, /addtodos 
Tue Aug 06 2019 20:11:14 GMT+0200 (Eastern European Standard Time): GET, /getall 
Tue Aug 06 2019 20:11:14 GMT+0200 (Eastern European Standard Time): GET, /todos/5d49c2c017ae1221908063b1 
Tue Aug 06 2019 20:11:14 GMT+0200 (Eastern European Standard Time): GET, /todos/5d49c2c217ae1221908063bf 
Tue Aug 06 2019 20:11:14 GMT+0200 (Eastern European Standard Time): GET, /todos/123456 
Wed Aug 07 2019 03:23:21 GMT+0200 (Eastern European Standard Time): GET, /deletetodo/5d49c2c017ae1221908063b1 
Wed Aug 07 2019 03:25:27 GMT+0200 (Eastern European Standard Time): DELETE, /deletetodo/5d49c2c017ae1221908063b2 
Wed Aug 07 2019 03:26:51 GMT+0200 (Eastern European Standard Time): DELETE, /deletetodo/5d49c2c017ae1221908063b2 
Wed Aug 07 2019 03:28:21 GMT+0200 (Eastern European Standard Time): DELETE, /deletetodo/5d49c2c017ae1221908063b2 
Wed Aug 07 2019 03:34:15 GMT+0200 (Eastern European Standard Time): POST, /addtodos 
Wed Aug 07 2019 03:34:15 GMT+0200 (Eastern European Standard Time): POST, /addtodos 
Wed Aug 07 2019 03:34:15 GMT+0200 (Eastern European Standard Time): GET, /getall 
Wed Aug 07 2019 03:34:15 GMT+0200 (Eastern European Standard Time): GET, /todos/5d4a2a9571be181e9c75c04e 
Wed Aug 07 2019 03:34:15 GMT+0200 (Eastern European Standard Time): GET, /todos/5d4a2a9771be181e9c75c05c 
Wed Aug 07 2019 03:34:15 GMT+0200 (Eastern European Standard Time): GET, /todos/123456 
Wed Aug 07 2019 03:34:15 GMT+0200 (Eastern European Standard Time): DELETE, /deletetodo/5d4a2a9571be181e9c75c04e 
Wed Aug 07 2019 03:35:04 GMT+0200 (Eastern European Standard Time): POST, /addtodos 
Wed Aug 07 2019 03:35:04 GMT+0200 (Eastern European Standard Time): POST, /addtodos 
Wed Aug 07 2019 03:35:04 GMT+0200 (Eastern European Standard Time): GET, /getall 
Wed Aug 07 2019 03:35:04 GMT+0200 (Eastern European Standard Time): GET, /todos/5d4a2ac66d5e100d50faf598 
Wed Aug 07 2019 03:35:04 GMT+0200 (Eastern European Standard Time): GET, /todos/5d4a2ac86d5e100d50faf5a6 
Wed Aug 07 2019 03:35:04 GMT+0200 (Eastern European Standard Time): GET, /todos/123456 
Wed Aug 07 2019 03:35:04 GMT+0200 (Eastern European Standard Time): DELETE, /deletetodo/5d4a2ac66d5e100d50faf598 
Wed Aug 07 2019 03:50:02 GMT+0200 (Eastern European Standard Time): POST, /addtodos 
Wed Aug 07 2019 03:50:02 GMT+0200 (Eastern European Standard Time): POST, /addtodos 
Wed Aug 07 2019 03:50:02 GMT+0200 (Eastern European Standard Time): GET, /getall 
Wed Aug 07 2019 03:50:02 GMT+0200 (Eastern European Standard Time): GET, /todos/5d4a2e485a19bc2ec086feca 
Wed Aug 07 2019 03:50:03 GMT+0200 (Eastern European Standard Time): GET, /todos/5d4a2e4b5a19bc2ec086fed8 
Wed Aug 07 2019 03:50:03 GMT+0200 (Eastern European Standard Time): GET, /todos/123456 
Wed Aug 07 2019 03:50:03 GMT+0200 (Eastern European Standard Time): DELETE, /deletetodo/5d4a2e485a19bc2ec086feca 
Wed Aug 07 2019 03:50:14 GMT+0200 (Eastern European Standard Time): POST, /addtodos 
Wed Aug 07 2019 03:50:14 GMT+0200 (Eastern European Standard Time): POST, /addtodos 
Wed Aug 07 2019 03:50:14 GMT+0200 (Eastern European Standard Time): GET, /getall 
Wed Aug 07 2019 03:50:14 GMT+0200 (Eastern European Standard Time): GET, /todos/5d4a2e54637f6129d0d1583a 
Wed Aug 07 2019 03:50:14 GMT+0200 (Eastern European Standard Time): GET, /todos/5d4a2e56637f6129d0d15848 
Wed Aug 07 2019 03:50:14 GMT+0200 (Eastern European Standard Time): GET, /todos/123456 
Wed Aug 07 2019 03:50:14 GMT+0200 (Eastern European Standard Time): DELETE, /deletetodo/5d4a2e54637f6129d0d1583a 
Wed Aug 07 2019 03:51:48 GMT+0200 (Eastern European Standard Time): POST, /addtodos 
Wed Aug 07 2019 03:51:48 GMT+0200 (Eastern European Standard Time): POST, /addtodos 
Wed Aug 07 2019 03:51:49 GMT+0200 (Eastern European Standard Time): GET, /getall 
Wed Aug 07 2019 03:51:49 GMT+0200 (Eastern European Standard Time): GET, /todos/5d4a2eb23a43350c60ff7c4d 
Wed Aug 07 2019 03:51:49 GMT+0200 (Eastern European Standard Time): GET, /todos/5d4a2eb53a43350c60ff7c5b 
Wed Aug 07 2019 03:51:49 GMT+0200 (Eastern European Standard Time): GET, /todos/123456 
Wed Aug 07 2019 03:51:49 GMT+0200 (Eastern European Standard Time): DELETE, /deletetodo/5d4a2eb23a43350c60ff7c4d 
Wed Aug 07 2019 17:27:39 GMT+0200 (Eastern European Standard Time): DELETE, /deletetodo/5d4a2eb23a43350c60ff7c4d 
Fri Aug 09 2019 02:29:33 GMT+0200 (Eastern European Standard Time): DELETE, /deletetodo/5d4a2eb23a43350c60ff7c4d 
Fri Aug 09 2019 14:48:39 GMT+0200 (Eastern European Standard Time): POST, /addtodos 
Fri Aug 09 2019 14:48:41 GMT+0200 (Eastern European Standard Time): POST, /addtodos 
Fri Aug 09 2019 14:48:41 GMT+0200 (Eastern European Standard Time): GET, /getall 
Fri Aug 09 2019 14:48:41 GMT+0200 (Eastern European Standard Time): GET, /todos/5d4d6b9ea728752660c52ef8 
Fri Aug 09 2019 14:48:41 GMT+0200 (Eastern European Standard Time): GET, /todos/5d4d6ba9a728752660c52f06 
Fri Aug 09 2019 14:48:41 GMT+0200 (Eastern European Standard Time): GET, /todos/123456 
Fri Aug 09 2019 14:48:41 GMT+0200 (Eastern European Standard Time): DELETE, /deletetodo/5d4d6b9ea728752660c52ef8 
Fri Aug 09 2019 14:52:05 GMT+0200 (Eastern European Standard Time): POST, /addtodos 
Fri Aug 09 2019 14:52:05 GMT+0200 (Eastern European Standard Time): POST, /addtodos 
Fri Aug 09 2019 14:52:05 GMT+0200 (Eastern European Standard Time): GET, /getall 
Fri Aug 09 2019 14:52:05 GMT+0200 (Eastern European Standard Time): GET, /todos/5d4d6c7220e0d21c90a7625b 
Fri Aug 09 2019 14:52:05 GMT+0200 (Eastern European Standard Time): GET, /todos/5d4d6c7520e0d21c90a76269 
Fri Aug 09 2019 14:52:05 GMT+0200 (Eastern European Standard Time): GET, /todos/123456 
Fri Aug 09 2019 14:52:05 GMT+0200 (Eastern European Standard Time): DELETE, /deletetodo/5d4d6c7220e0d21c90a7625b 
Fri Aug 09 2019 14:56:11 GMT+0200 (Eastern European Standard Time): POST, /addtodos 
Fri Aug 09 2019 14:56:11 GMT+0200 (Eastern European Standard Time): POST, /addtodos 
Fri Aug 09 2019 14:56:11 GMT+0200 (Eastern European Standard Time): GET, /getall 
Fri Aug 09 2019 14:56:11 GMT+0200 (Eastern European Standard Time): GET, /todos/5d4d6d690b61fa2bb0efc4f1 
Fri Aug 09 2019 14:56:11 GMT+0200 (Eastern European Standard Time): GET, /todos/5d4d6d6b0b61fa2bb0efc4ff 
Fri Aug 09 2019 14:56:11 GMT+0200 (Eastern European Standard Time): GET, /todos/123456 
Fri Aug 09 2019 14:56:11 GMT+0200 (Eastern European Standard Time): DELETE, /deletetodo/5d4d6d690b61fa2bb0efc4f1 
Fri Aug 09 2019 14:56:11 GMT+0200 (Eastern European Standard Time): DELETE, /deletetodo/5d4d6d6b0b61fa2bb0efc506 
Fri Aug 09 2019 14:56:28 GMT+0200 (Eastern European Standard Time): POST, /addtodos 
Fri Aug 09 2019 14:56:28 GMT+0200 (Eastern European Standard Time): POST, /addtodos 
Fri Aug 09 2019 14:56:28 GMT+0200 (Eastern European Standard Time): GET, /getall 
Fri Aug 09 2019 14:56:28 GMT+0200 (Eastern European Standard Time): GET, /todos/5d4d6d7a4715f22600c7d005 
Fri Aug 09 2019 14:56:28 GMT+0200 (Eastern European Standard Time): GET, /todos/5d4d6d7c4715f22600c7d013 
Fri Aug 09 2019 14:56:28 GMT+0200 (Eastern European Standard Time): GET, /todos/123456 
Fri Aug 09 2019 14:56:28 GMT+0200 (Eastern European Standard Time): DELETE, /deletetodo/5d4d6d7a4715f22600c7d005 
Fri Aug 09 2019 14:56:28 GMT+0200 (Eastern European Standard Time): DELETE, /deletetodo/5d4d6d7c4715f22600c7d01a 
Fri Aug 09 2019 14:59:16 GMT+0200 (Eastern European Standard Time): POST, /addtodos 
Fri Aug 09 2019 14:59:16 GMT+0200 (Eastern European Standard Time): POST, /addtodos 
Fri Aug 09 2019 14:59:16 GMT+0200 (Eastern European Standard Time): GET, /getall 
Fri Aug 09 2019 14:59:16 GMT+0200 (Eastern European Standard Time): GET, /todos/5d4d6e22b3b7981c08a26926 
Fri Aug 09 2019 14:59:16 GMT+0200 (Eastern European Standard Time): GET, /todos/5d4d6e24b3b7981c08a26934 
Fri Aug 09 2019 14:59:16 GMT+0200 (Eastern European Standard Time): GET, /todos/123456 
Fri Aug 09 2019 14:59:16 GMT+0200 (Eastern European Standard Time): DELETE, /deletetodo/5d4d6e22b3b7981c08a26926 
Fri Aug 09 2019 14:59:16 GMT+0200 (Eastern European Standard Time): DELETE, /deletetodo/5d4d6e24b3b7981c08a2693b 
Fri Aug 09 2019 15:00:00 GMT+0200 (Eastern European Standard Time): DELETE, /deletetodo/5d4d6e22b3b7981c08a26928 
Fri Aug 09 2019 15:01:02 GMT+0200 (Eastern European Standard Time): POST, /addtodos 
Fri Aug 09 2019 15:01:02 GMT+0200 (Eastern European Standard Time): POST, /addtodos 
Fri Aug 09 2019 15:01:02 GMT+0200 (Eastern European Standard Time): GET, /getall 
Fri Aug 09 2019 15:01:02 GMT+0200 (Eastern European Standard Time): GET, /todos/5d4d6e8ce2d990180c5d5ecb 
Fri Aug 09 2019 15:01:02 GMT+0200 (Eastern European Standard Time): GET, /todos/5d4d6e8ee2d990180c5d5ed9 
Fri Aug 09 2019 15:01:02 GMT+0200 (Eastern European Standard Time): GET, /todos/123456 
Fri Aug 09 2019 15:01:02 GMT+0200 (Eastern European Standard Time): DELETE, /deletetodo/5d4d6e8ce2d990180c5d5ecb 
Fri Aug 09 2019 15:01:02 GMT+0200 (Eastern European Standard Time): DELETE, /deletetodo/5d4d6e8ee2d990180c5d5ee0 
Fri Aug 09 2019 15:05:19 GMT+0200 (Eastern European Standard Time): POST, /addtodos 
Fri Aug 09 2019 15:05:19 GMT+0200 (Eastern European Standard Time): POST, /addtodos 
Fri Aug 09 2019 15:05:19 GMT+0200 (Eastern European Standard Time): GET, /getall 
Fri Aug 09 2019 15:05:20 GMT+0200 (Eastern European Standard Time): GET, /todos/5d4d6f8dc771c507bcbaaf80 
Fri Aug 09 2019 15:05:20 GMT+0200 (Eastern European Standard Time): GET, /todos/5d4d6f90c771c507bcbaaf8e 
Fri Aug 09 2019 15:05:20 GMT+0200 (Eastern European Standard Time): GET, /todos/123456 
Fri Aug 09 2019 15:05:20 GMT+0200 (Eastern European Standard Time): DELETE, /deletetodo/5d4d6f8dc771c507bcbaaf80 
Fri Aug 09 2019 15:05:20 GMT+0200 (Eastern European Standard Time): DELETE, /deletetodo/5d4d6f90c771c507bcbaaf95 
Fri Aug 09 2019 15:05:20 GMT+0200 (Eastern European Standard Time): DELETE, /deletetodo/5d4d6f8dc771c507bcbaaf8011 
Fri Aug 09 2019 15:43:49 GMT+0200 (Eastern European Standard Time): POST, /addtodos 
Fri Aug 09 2019 15:43:49 GMT+0200 (Eastern European Standard Time): POST, /addtodos 
Fri Aug 09 2019 15:43:49 GMT+0200 (Eastern European Standard Time): GET, /getall 
Fri Aug 09 2019 15:43:49 GMT+0200 (Eastern European Standard Time): GET, /todos/5d4d7893a85f8d1accc30e66 
Fri Aug 09 2019 15:43:49 GMT+0200 (Eastern European Standard Time): GET, /todos/5d4d7895a85f8d1accc30e74 
Fri Aug 09 2019 15:43:49 GMT+0200 (Eastern European Standard Time): GET, /todos/123456 
Fri Aug 09 2019 15:43:49 GMT+0200 (Eastern European Standard Time): DELETE, /deletetodo/5d4d7893a85f8d1accc30e66 
Fri Aug 09 2019 15:43:49 GMT+0200 (Eastern European Standard Time): DELETE, /deletetodo/5d4d7895a85f8d1accc30e7b 
Fri Aug 09 2019 15:43:49 GMT+0200 (Eastern European Standard Time): DELETE, /deletetodo/5d4d7893a85f8d1accc30e6611 
Fri Aug 09 2019 15:46:16 GMT+0200 (Eastern European Standard Time): POST, /addtodos 
Fri Aug 09 2019 15:46:16 GMT+0200 (Eastern European Standard Time): POST, /addtodos 
Fri Aug 09 2019 15:46:16 GMT+0200 (Eastern European Standard Time): GET, /getall 
Fri Aug 09 2019 15:46:16 GMT+0200 (Eastern European Standard Time): GET, /todos/5d4d79266aa48f1f64f134b7 
Fri Aug 09 2019 15:46:16 GMT+0200 (Eastern European Standard Time): GET, /todos/5d4d79286aa48f1f64f134c5 
Fri Aug 09 2019 15:46:17 GMT+0200 (Eastern European Standard Time): GET, /todos/123456 
Fri Aug 09 2019 15:46:17 GMT+0200 (Eastern European Standard Time): DELETE, /deletetodo/5d4d79266aa48f1f64f134b7 
Fri Aug 09 2019 15:46:17 GMT+0200 (Eastern European Standard Time): DELETE, /deletetodo/5d4d79296aa48f1f64f134cc 
Fri Aug 09 2019 15:46:17 GMT+0200 (Eastern European Standard Time): DELETE, /deletetodo/5d4d79266aa48f1f64f134b711 
Fri Aug 09 2019 15:46:52 GMT+0200 (Eastern European Standard Time): POST, /addtodos 
Fri Aug 09 2019 15:46:52 GMT+0200 (Eastern European Standard Time): POST, /addtodos 
Fri Aug 09 2019 15:46:52 GMT+0200 (Eastern European Standard Time): GET, /getall 
Fri Aug 09 2019 15:46:52 GMT+0200 (Eastern European Standard Time): GET, /todos/5d4d794a84b58925987719a1 
Fri Aug 09 2019 15:46:52 GMT+0200 (Eastern European Standard Time): GET, /todos/5d4d794c84b58925987719af 
Fri Aug 09 2019 15:46:52 GMT+0200 (Eastern European Standard Time): GET, /todos/123456 
Fri Aug 09 2019 15:46:52 GMT+0200 (Eastern European Standard Time): DELETE, /deletetodo/5d4d794a84b58925987719a1 
Fri Aug 09 2019 15:46:53 GMT+0200 (Eastern European Standard Time): DELETE, /deletetodo/5d4d794d84b58925987719b6 
Fri Aug 09 2019 15:46:55 GMT+0200 (Eastern European Standard Time): DELETE, /deletetodo/5d4d794a84b58925987719a111 
Fri Aug 09 2019 15:47:09 GMT+0200 (Eastern European Standard Time): POST, /addtodos 
Fri Aug 09 2019 15:47:09 GMT+0200 (Eastern European Standard Time): POST, /addtodos 
Fri Aug 09 2019 15:47:09 GMT+0200 (Eastern European Standard Time): GET, /getall 
Fri Aug 09 2019 15:47:09 GMT+0200 (Eastern European Standard Time): GET, /todos/5d4d795b03469f22b48ad729 
Fri Aug 09 2019 15:47:09 GMT+0200 (Eastern European Standard Time): GET, /todos/5d4d795d03469f22b48ad737 
Fri Aug 09 2019 15:47:09 GMT+0200 (Eastern European Standard Time): GET, /todos/123456 
Fri Aug 09 2019 15:47:09 GMT+0200 (Eastern European Standard Time): DELETE, /todos/5d4d795b03469f22b48ad729 
Fri Aug 09 2019 15:47:09 GMT+0200 (Eastern European Standard Time): DELETE, /todos/5d4d795d03469f22b48ad73e 
Fri Aug 09 2019 15:47:09 GMT+0200 (Eastern European Standard Time): DELETE, /todos/5d4d795b03469f22b48ad72911 
Fri Aug 09 2019 19:13:19 GMT+0200 (Eastern European Standard Time): POST, /addtodos 
Fri Aug 09 2019 19:13:19 GMT+0200 (Eastern European Standard Time): POST, /addtodos 
Fri Aug 09 2019 19:13:19 GMT+0200 (Eastern European Standard Time): GET, /getall 
Fri Aug 09 2019 19:13:19 GMT+0200 (Eastern European Standard Time): GET, /todos/5d4da9adf4a957115ce62173 
Fri Aug 09 2019 19:13:20 GMT+0200 (Eastern European Standard Time): GET, /todos/5d4da9b0f4a957115ce62181 
Fri Aug 09 2019 19:13:20 GMT+0200 (Eastern European Standard Time): GET, /todos/123456 
Fri Aug 09 2019 19:13:20 GMT+0200 (Eastern European Standard Time): DELETE, /todos/5d4da9adf4a957115ce62173 
Fri Aug 09 2019 19:13:20 GMT+0200 (Eastern European Standard Time): DELETE, /todos/5d4da9b0f4a957115ce62188 
Fri Aug 09 2019 19:13:20 GMT+0200 (Eastern European Standard Time): DELETE, /todos/5d4da9adf4a957115ce6217311 
Fri Aug 09 2019 19:22:49 GMT+0200 (Eastern European Standard Time): POST, /addtodos 
Fri Aug 09 2019 19:22:49 GMT+0200 (Eastern European Standard Time): POST, /addtodos 
Fri Aug 09 2019 19:22:49 GMT+0200 (Eastern European Standard Time): GET, /getall 
Fri Aug 09 2019 19:22:49 GMT+0200 (Eastern European Standard Time): GET, /todos/5d4dabe779c19b2fd02e2ad6 
Fri Aug 09 2019 19:22:49 GMT+0200 (Eastern European Standard Time): GET, /todos/5d4dabe979c19b2fd02e2ae4 
Fri Aug 09 2019 19:22:49 GMT+0200 (Eastern European Standard Time): GET, /todos/123456 
Fri Aug 09 2019 19:22:49 GMT+0200 (Eastern European Standard Time): DELETE, /todos/5d4dabe779c19b2fd02e2ad6 
Fri Aug 09 2019 19:22:49 GMT+0200 (Eastern European Standard Time): DELETE, /todos/5d4dabe979c19b2fd02e2aeb 
Fri Aug 09 2019 19:22:49 GMT+0200 (Eastern European Standard Time): DELETE, /todos/5d4dabe779c19b2fd02e2ad611 
Fri Aug 09 2019 19:38:06 GMT+0200 (Eastern European Standard Time): POST, /addtodos 
Fri Aug 09 2019 19:38:06 GMT+0200 (Eastern European Standard Time): POST, /addtodos 
Fri Aug 09 2019 19:38:06 GMT+0200 (Eastern European Standard Time): GET, /getall 
Fri Aug 09 2019 19:38:06 GMT+0200 (Eastern European Standard Time): GET, /todos/5d4daf7c17f4bc32c49cc3e4 
Fri Aug 09 2019 19:38:06 GMT+0200 (Eastern European Standard Time): GET, /todos/5d4daf7e17f4bc32c49cc3f2 
Fri Aug 09 2019 19:38:06 GMT+0200 (Eastern European Standard Time): GET, /todos/123456 
Fri Aug 09 2019 19:38:06 GMT+0200 (Eastern European Standard Time): DELETE, /todos/5d4daf7c17f4bc32c49cc3e4 
Fri Aug 09 2019 19:38:06 GMT+0200 (Eastern European Standard Time): DELETE, /todos/5d4daf7e17f4bc32c49cc3f9 
Fri Aug 09 2019 19:38:06 GMT+0200 (Eastern European Standard Time): DELETE, /todos/5d4daf7c17f4bc32c49cc3e411 
Fri Aug 09 2019 19:38:06 GMT+0200 (Eastern European Standard Time): PATCH, /todos/5d4daf7c17f4bc32c49cc3e4 
Fri Aug 09 2019 19:39:16 GMT+0200 (Eastern European Standard Time): POST, /addtodos 
Fri Aug 09 2019 19:39:16 GMT+0200 (Eastern European Standard Time): POST, /addtodos 
Fri Aug 09 2019 19:39:16 GMT+0200 (Eastern European Standard Time): GET, /getall 
Fri Aug 09 2019 19:39:16 GMT+0200 (Eastern European Standard Time): GET, /todos/5d4dafc14aecbf14800874fe 
Fri Aug 09 2019 19:39:16 GMT+0200 (Eastern European Standard Time): GET, /todos/5d4dafc44aecbf148008750c 
Fri Aug 09 2019 19:39:16 GMT+0200 (Eastern European Standard Time): GET, /todos/123456 
Fri Aug 09 2019 19:39:16 GMT+0200 (Eastern European Standard Time): DELETE, /todos/5d4dafc14aecbf14800874fe 
Fri Aug 09 2019 19:39:16 GMT+0200 (Eastern European Standard Time): DELETE, /todos/5d4dafc44aecbf1480087513 
Fri Aug 09 2019 19:39:16 GMT+0200 (Eastern European Standard Time): DELETE, /todos/5d4dafc14aecbf14800874fe11 
Fri Aug 09 2019 19:39:16 GMT+0200 (Eastern European Standard Time): PATCH, /todos/5d4dafc14aecbf14800874fe 
Fri Aug 09 2019 19:39:29 GMT+0200 (Eastern European Standard Time): POST, /addtodos 
Fri Aug 09 2019 19:39:29 GMT+0200 (Eastern European Standard Time): POST, /addtodos 
Fri Aug 09 2019 19:39:29 GMT+0200 (Eastern European Standard Time): GET, /getall 
Fri Aug 09 2019 19:39:29 GMT+0200 (Eastern European Standard Time): GET, /todos/5d4dafcfc4caea18a02c840d 
Fri Aug 09 2019 19:39:29 GMT+0200 (Eastern European Standard Time): GET, /todos/5d4dafd1c4caea18a02c841b 
Fri Aug 09 2019 19:39:29 GMT+0200 (Eastern European Standard Time): GET, /todos/123456 
Fri Aug 09 2019 19:39:29 GMT+0200 (Eastern European Standard Time): DELETE, /todos/5d4dafcfc4caea18a02c840d 
Fri Aug 09 2019 19:39:29 GMT+0200 (Eastern European Standard Time): DELETE, /todos/5d4dafd1c4caea18a02c8422 
Fri Aug 09 2019 19:39:29 GMT+0200 (Eastern European Standard Time): DELETE, /todos/5d4dafcfc4caea18a02c840d11 
Fri Aug 09 2019 19:39:29 GMT+0200 (Eastern European Standard Time): PATCH, /todos/5d4dafcfc4caea18a02c840d 
Fri Aug 09 2019 19:40:45 GMT+0200 (Eastern European Standard Time): POST, /addtodos 
Fri Aug 09 2019 19:40:46 GMT+0200 (Eastern European Standard Time): POST, /addtodos 
Fri Aug 09 2019 19:40:46 GMT+0200 (Eastern European Standard Time): GET, /getall 
Fri Aug 09 2019 19:40:46 GMT+0200 (Eastern European Standard Time): GET, /todos/5d4db01b3c34290c600fa2c4 
Fri Aug 09 2019 19:40:46 GMT+0200 (Eastern European Standard Time): GET, /todos/5d4db01e3c34290c600fa2d2 
Fri Aug 09 2019 19:40:46 GMT+0200 (Eastern European Standard Time): GET, /todos/123456 
Fri Aug 09 2019 19:40:46 GMT+0200 (Eastern European Standard Time): DELETE, /todos/5d4db01b3c34290c600fa2c4 
Fri Aug 09 2019 19:40:46 GMT+0200 (Eastern European Standard Time): DELETE, /todos/5d4db01e3c34290c600fa2d9 
Fri Aug 09 2019 19:40:46 GMT+0200 (Eastern European Standard Time): DELETE, /todos/5d4db01b3c34290c600fa2c411 
Fri Aug 09 2019 19:40:46 GMT+0200 (Eastern European Standard Time): PATCH, /todos/5d4db01b3c34290c600fa2c4 
Fri Aug 09 2019 19:42:33 GMT+0200 (Eastern European Standard Time): POST, /addtodos 
Fri Aug 09 2019 19:42:33 GMT+0200 (Eastern European Standard Time): POST, /addtodos 
Fri Aug 09 2019 19:42:33 GMT+0200 (Eastern European Standard Time): GET, /getall 
Fri Aug 09 2019 19:42:33 GMT+0200 (Eastern European Standard Time): GET, /todos/5d4db087208b4a27f0f8f81b 
Fri Aug 09 2019 19:42:33 GMT+0200 (Eastern European Standard Time): GET, /todos/5d4db089208b4a27f0f8f829 
Fri Aug 09 2019 19:42:34 GMT+0200 (Eastern European Standard Time): GET, /todos/123456 
Fri Aug 09 2019 19:42:34 GMT+0200 (Eastern European Standard Time): DELETE, /todos/5d4db087208b4a27f0f8f81b 
Fri Aug 09 2019 19:42:34 GMT+0200 (Eastern European Standard Time): DELETE, /todos/5d4db08a208b4a27f0f8f830 
Fri Aug 09 2019 19:42:34 GMT+0200 (Eastern European Standard Time): DELETE, /todos/5d4db087208b4a27f0f8f81b11 
Fri Aug 09 2019 19:42:34 GMT+0200 (Eastern European Standard Time): PATCH, /todos/5d4db087208b4a27f0f8f81b 
Fri Aug 09 2019 19:42:34 GMT+0200 (Eastern European Standard Time): PATCH, /todos/5d4db087208b4a27f0f8f81c 
Fri Aug 09 2019 19:54:31 GMT+0200 (Eastern European Standard Time): POST, /addtodos 
Fri Aug 09 2019 19:54:31 GMT+0200 (Eastern European Standard Time): POST, /addtodos 
Fri Aug 09 2019 19:54:31 GMT+0200 (Eastern European Standard Time): GET, /getall 
Fri Aug 09 2019 19:54:31 GMT+0200 (Eastern European Standard Time): GET, /todos/5d4db354e8b5cb18e41aac75 
Fri Aug 09 2019 19:54:31 GMT+0200 (Eastern European Standard Time): GET, /todos/5d4db357e8b5cb18e41aac83 
Fri Aug 09 2019 19:54:31 GMT+0200 (Eastern European Standard Time): GET, /todos/123456 
Fri Aug 09 2019 19:54:31 GMT+0200 (Eastern European Standard Time): DELETE, /todos/5d4db354e8b5cb18e41aac75 
Fri Aug 09 2019 19:54:31 GMT+0200 (Eastern European Standard Time): DELETE, /todos/5d4db357e8b5cb18e41aac8a 
Fri Aug 09 2019 19:54:31 GMT+0200 (Eastern European Standard Time): DELETE, /todos/5d4db354e8b5cb18e41aac7511 
Fri Aug 09 2019 19:54:31 GMT+0200 (Eastern European Standard Time): PATCH, /todos/5d4db354e8b5cb18e41aac75 
Fri Aug 09 2019 19:54:31 GMT+0200 (Eastern European Standard Time): PATCH, /todos/5d4db354e8b5cb18e41aac76 
Fri Aug 09 2019 19:57:18 GMT+0200 (Eastern European Standard Time): POST, /addtodos 
Fri Aug 09 2019 19:57:18 GMT+0200 (Eastern European Standard Time): POST, /addtodos 
Fri Aug 09 2019 19:57:19 GMT+0200 (Eastern European Standard Time): GET, /getall 
Fri Aug 09 2019 19:57:19 GMT+0200 (Eastern European Standard Time): GET, /todos/5d4db3fc52088232e0b032b9 
Fri Aug 09 2019 19:57:19 GMT+0200 (Eastern European Standard Time): GET, /todos/5d4db3ff52088232e0b032c7 
Fri Aug 09 2019 19:57:19 GMT+0200 (Eastern European Standard Time): GET, /todos/123456 
Fri Aug 09 2019 19:57:19 GMT+0200 (Eastern European Standard Time): DELETE, /todos/5d4db3fc52088232e0b032b9 
Fri Aug 09 2019 19:57:19 GMT+0200 (Eastern European Standard Time): DELETE, /todos/5d4db3ff52088232e0b032ce 
Fri Aug 09 2019 19:57:19 GMT+0200 (Eastern European Standard Time): DELETE, /todos/5d4db3fc52088232e0b032b911 
Fri Aug 09 2019 19:57:19 GMT+0200 (Eastern European Standard Time): PATCH, /todos/5d4db3fc52088232e0b032b9 
Fri Aug 09 2019 19:57:19 GMT+0200 (Eastern European Standard Time): PATCH, /todos/5d4db3fc52088232e0b032ba 
Fri Aug 09 2019 20:00:37 GMT+0200 (Eastern European Standard Time): POST, /addtodos 
Fri Aug 09 2019 20:00:37 GMT+0200 (Eastern European Standard Time): POST, /addtodos 
Fri Aug 09 2019 20:00:37 GMT+0200 (Eastern European Standard Time): GET, /getall 
Fri Aug 09 2019 20:00:37 GMT+0200 (Eastern European Standard Time): GET, /todos/5d4db4c242e3c719140eef67 
Fri Aug 09 2019 20:00:37 GMT+0200 (Eastern European Standard Time): GET, /todos/5d4db4c542e3c719140eef75 
Fri Aug 09 2019 20:00:37 GMT+0200 (Eastern European Standard Time): GET, /todos/123456 
Fri Aug 09 2019 20:00:37 GMT+0200 (Eastern European Standard Time): DELETE, /todos/5d4db4c242e3c719140eef67 
Fri Aug 09 2019 20:00:37 GMT+0200 (Eastern European Standard Time): DELETE, /todos/5d4db4c542e3c719140eef7c 
Fri Aug 09 2019 20:00:37 GMT+0200 (Eastern European Standard Time): DELETE, /todos/5d4db4c242e3c719140eef6711 
Fri Aug 09 2019 20:00:37 GMT+0200 (Eastern European Standard Time): PATCH, /todos/5d4db4c242e3c719140eef67 
Fri Aug 09 2019 20:00:37 GMT+0200 (Eastern European Standard Time): PATCH, /todos/5d4db4c242e3c719140eef68 
Fri Aug 09 2019 20:07:37 GMT+0200 (Eastern European Standard Time): POST, /addtodos 
Fri Aug 09 2019 20:07:37 GMT+0200 (Eastern European Standard Time): POST, /addtodos 
Fri Aug 09 2019 20:07:37 GMT+0200 (Eastern European Standard Time): GET, /getall 
Fri Aug 09 2019 20:07:37 GMT+0200 (Eastern European Standard Time): GET, /todos/5d4db6661de3df0594065cbc 
Fri Aug 09 2019 20:07:37 GMT+0200 (Eastern European Standard Time): GET, /todos/5d4db6691de3df0594065cca 
Fri Aug 09 2019 20:07:37 GMT+0200 (Eastern European Standard Time): GET, /todos/123456 
Fri Aug 09 2019 20:07:37 GMT+0200 (Eastern European Standard Time): DELETE, /todos/5d4db6661de3df0594065cbc 
Fri Aug 09 2019 20:07:37 GMT+0200 (Eastern European Standard Time): DELETE, /todos/5d4db6691de3df0594065cd1 
Fri Aug 09 2019 20:07:37 GMT+0200 (Eastern European Standard Time): DELETE, /todos/5d4db6661de3df0594065cbc11 
Fri Aug 09 2019 20:07:37 GMT+0200 (Eastern European Standard Time): PATCH, /todos/5d4db6661de3df0594065cbc 
Fri Aug 09 2019 20:07:37 GMT+0200 (Eastern European Standard Time): PATCH, /todos/5d4db6661de3df0594065cbd 
Fri Aug 09 2019 20:09:14 GMT+0200 (Eastern European Standard Time): POST, /addtodos 
Fri Aug 09 2019 20:09:14 GMT+0200 (Eastern European Standard Time): POST, /addtodos 
Fri Aug 09 2019 20:09:14 GMT+0200 (Eastern European Standard Time): GET, /getall 
Fri Aug 09 2019 20:09:14 GMT+0200 (Eastern European Standard Time): GET, /todos/5d4db6c89d4cfc2d386b50d0 
Fri Aug 09 2019 20:09:14 GMT+0200 (Eastern European Standard Time): GET, /todos/5d4db6ca9d4cfc2d386b50de 
Fri Aug 09 2019 20:09:14 GMT+0200 (Eastern European Standard Time): GET, /todos/123456 
Fri Aug 09 2019 20:09:14 GMT+0200 (Eastern European Standard Time): DELETE, /todos/5d4db6c89d4cfc2d386b50d0 
Fri Aug 09 2019 20:09:14 GMT+0200 (Eastern European Standard Time): DELETE, /todos/5d4db6ca9d4cfc2d386b50e5 
Fri Aug 09 2019 20:09:14 GMT+0200 (Eastern European Standard Time): DELETE, /todos/5d4db6c89d4cfc2d386b50d011 
Fri Aug 09 2019 20:09:14 GMT+0200 (Eastern European Standard Time): PATCH, /todos/5d4db6c89d4cfc2d386b50d0 
Fri Aug 09 2019 20:09:14 GMT+0200 (Eastern European Standard Time): PATCH, /todos/5d4db6c89d4cfc2d386b50d1 
Sat Aug 10 2019 01:56:52 GMT+0200 (Eastern European Standard Time): POST, /users 
Sat Aug 10 2019 02:11:12 GMT+0200 (Eastern European Standard Time): POST, /users 
Sat Aug 10 2019 02:11:35 GMT+0200 (Eastern European Standard Time): POST, /users 
Sat Aug 10 2019 02:12:20 GMT+0200 (Eastern European Standard Time): POST, /users 
Sat Aug 10 2019 02:13:19 GMT+0200 (Eastern European Standard Time): POST, /users 
Sat Aug 10 2019 02:13:41 GMT+0200 (Eastern European Standard Time): POST, /users 
Sat Aug 10 2019 02:14:05 GMT+0200 (Eastern European Standard Time): POST, /users 
Sat Aug 10 2019 02:14:27 GMT+0200 (Eastern European Standard Time): POST, /users 
Sat Aug 10 2019 02:14:51 GMT+0200 (Eastern European Standard Time): POST, /users 
Sat Aug 10 2019 02:15:03 GMT+0200 (Eastern European Standard Time): POST, /users 
Sat Aug 10 2019 02:17:10 GMT+0200 (Eastern European Standard Time): POST, /users 
Sat Aug 10 2019 05:04:22 GMT+0200 (Eastern European Standard Time): POST, /users 
Sat Aug 10 2019 05:07:34 GMT+0200 (Eastern European Standard Time): POST, /users 
Sat Aug 10 2019 05:32:56 GMT+0200 (Eastern European Standard Time): POST, /users 
Sat Aug 10 2019 05:51:31 GMT+0200 (Eastern European Standard Time): POST, /users 
Sat Aug 10 2019 05:52:11 GMT+0200 (Eastern European Standard Time): GET, /users 
Sat Aug 10 2019 05:52:41 GMT+0200 (Eastern European Standard Time): GET, /users/me 
Sat Aug 10 2019 05:54:15 GMT+0200 (Eastern European Standard Time): GET, /users/me 
Sat Aug 10 2019 05:56:31 GMT+0200 (Eastern European Standard Time): GET, /users/me 
Sat Aug 10 2019 05:57:09 GMT+0200 (Eastern European Standard Time): GET, /users/me 
Sat Aug 10 2019 05:58:37 GMT+0200 (Eastern European Standard Time): GET, /users/me 
Sat Aug 10 2019 05:59:38 GMT+0200 (Eastern European Standard Time): GET, /users/me 
Sat Aug 10 2019 06:14:58 GMT+0200 (Eastern European Standard Time): GET, /users/me 
Sat Aug 10 2019 06:15:35 GMT+0200 (Eastern European Standard Time): GET, /users/me 
Sat Aug 10 2019 06:16:21 GMT+0200 (Eastern European Standard Time): GET, /users/me 
Sat Aug 10 2019 06:32:56 GMT+0200 (Eastern European Standard Time): GET, /users/me 
Sat Aug 10 2019 06:33:56 GMT+0200 (Eastern European Standard Time): GET, /users/me 
Sat Aug 10 2019 06:34:02 GMT+0200 (Eastern European Standard Time): GET, /users/me 
Sat Aug 10 2019 06:35:45 GMT+0200 (Eastern European Standard Time): GET, /users/me 
Mon Aug 12 2019 18:40:31 GMT+0200 (Eastern European Standard Time): POST, /users 
Mon Aug 12 2019 18:41:39 GMT+0200 (Eastern European Standard Time): POST, /users 
Mon Aug 12 2019 18:43:40 GMT+0200 (Eastern European Standard Time): POST, /users 
Mon Aug 12 2019 18:45:21 GMT+0200 (Eastern European Standard Time): POST, /users 
Mon Aug 12 2019 18:49:57 GMT+0200 (Eastern European Standard Time): POST, /users 
Mon Aug 12 2019 18:50:03 GMT+0200 (Eastern European Standard Time): POST, /users 
Mon Aug 12 2019 18:50:48 GMT+0200 (Eastern European Standard Time): POST, /users 
Mon Aug 12 2019 19:15:08 GMT+0200 (Eastern European Standard Time): POST, /users 
Mon Aug 12 2019 19:16:53 GMT+0200 (Eastern European Standard Time): POST, /users 
Mon Aug 12 2019 19:17:46 GMT+0200 (Eastern European Standard Time): POST, /users 
Mon Aug 12 2019 19:18:57 GMT+0200 (Eastern European Standard Time): POST, /users 
Mon Aug 12 2019 19:20:16 GMT+0200 (Eastern European Standard Time): POST, /users 
Mon Aug 12 2019 20:02:15 GMT+0200 (Eastern European Standard Time): POST, /users 
Tue Aug 13 2019 05:10:52 GMT+0200 (Eastern European Standard Time): POST, /todos 
Tue Aug 13 2019 05:10:52 GMT+0200 (Eastern European Standard Time): POST, /todos 
Tue Aug 13 2019 05:10:52 GMT+0200 (Eastern European Standard Time): GET, /todos 
Tue Aug 13 2019 05:10:52 GMT+0200 (Eastern European Standard Time): GET, /todos/5d522a37344c330a5875a412 
Tue Aug 13 2019 05:10:52 GMT+0200 (Eastern European Standard Time): GET, /todos/5d522a3c344c330a5875a420 
Tue Aug 13 2019 05:10:52 GMT+0200 (Eastern European Standard Time): GET, /todos/123456 
Tue Aug 13 2019 05:10:52 GMT+0200 (Eastern European Standard Time): DELETE, /todos/5d522a37344c330a5875a412 
Tue Aug 13 2019 05:10:52 GMT+0200 (Eastern European Standard Time): DELETE, /todos/5d522a3c344c330a5875a427 
Tue Aug 13 2019 05:10:52 GMT+0200 (Eastern European Standard Time): DELETE, /todos/5d522a37344c330a5875a41211 
Tue Aug 13 2019 05:10:52 GMT+0200 (Eastern European Standard Time): PATCH, /todos/5d522a37344c330a5875a412 
Tue Aug 13 2019 05:10:52 GMT+0200 (Eastern European Standard Time): PATCH, /todos/5d522a37344c330a5875a413 
Tue Aug 13 2019 05:31:17 GMT+0200 (Eastern European Standard Time): POST, /todos 
Tue Aug 13 2019 05:31:17 GMT+0200 (Eastern European Standard Time): POST, /todos 
Tue Aug 13 2019 05:31:17 GMT+0200 (Eastern European Standard Time): GET, /todos 
Tue Aug 13 2019 05:31:17 GMT+0200 (Eastern European Standard Time): GET, /todos/5d522f0184c12825f8882de6 
Tue Aug 13 2019 05:31:17 GMT+0200 (Eastern European Standard Time): GET, /todos/5d522f0584c12825f8882df4 
Tue Aug 13 2019 05:31:17 GMT+0200 (Eastern European Standard Time): GET, /todos/123456 
Tue Aug 13 2019 05:31:17 GMT+0200 (Eastern European Standard Time): DELETE, /todos/5d522f0184c12825f8882de6 
Tue Aug 13 2019 05:31:17 GMT+0200 (Eastern European Standard Time): DELETE, /todos/5d522f0584c12825f8882dfb 
Tue Aug 13 2019 05:31:17 GMT+0200 (Eastern European Standard Time): DELETE, /todos/5d522f0184c12825f8882de611 
Tue Aug 13 2019 05:31:17 GMT+0200 (Eastern European Standard Time): PATCH, /todos/5d522f0184c12825f8882de6 
Tue Aug 13 2019 05:31:17 GMT+0200 (Eastern European Standard Time): PATCH, /todos/5d522f0184c12825f8882de7 
Tue Aug 13 2019 05:33:09 GMT+0200 (Eastern European Standard Time): POST, /todos 
Tue Aug 13 2019 05:33:09 GMT+0200 (Eastern European Standard Time): POST, /todos 
Tue Aug 13 2019 05:33:09 GMT+0200 (Eastern European Standard Time): GET, /todos 
Tue Aug 13 2019 05:33:09 GMT+0200 (Eastern European Standard Time): GET, /todos/5d522f7107b33a279c674f13 
Tue Aug 13 2019 05:33:09 GMT+0200 (Eastern European Standard Time): GET, /todos/5d522f7507b33a279c674f21 
Tue Aug 13 2019 05:33:09 GMT+0200 (Eastern European Standard Time): GET, /todos/123456 
Tue Aug 13 2019 05:33:09 GMT+0200 (Eastern European Standard Time): DELETE, /todos/5d522f7107b33a279c674f13 
Tue Aug 13 2019 05:33:09 GMT+0200 (Eastern European Standard Time): DELETE, /todos/5d522f7507b33a279c674f28 
Tue Aug 13 2019 05:33:09 GMT+0200 (Eastern European Standard Time): DELETE, /todos/5d522f7107b33a279c674f1311 
Tue Aug 13 2019 05:33:09 GMT+0200 (Eastern European Standard Time): PATCH, /todos/5d522f7107b33a279c674f13 
Tue Aug 13 2019 05:33:09 GMT+0200 (Eastern European Standard Time): PATCH, /todos/5d522f7107b33a279c674f14 
Tue Aug 13 2019 05:33:48 GMT+0200 (Eastern European Standard Time): POST, /todos 
Tue Aug 13 2019 05:33:48 GMT+0200 (Eastern European Standard Time): POST, /todos 
Tue Aug 13 2019 05:33:48 GMT+0200 (Eastern European Standard Time): GET, /todos 
Tue Aug 13 2019 05:33:48 GMT+0200 (Eastern European Standard Time): GET, /todos/5d522f9899007214d856ec2e 
Tue Aug 13 2019 05:33:48 GMT+0200 (Eastern European Standard Time): GET, /todos/5d522f9c99007214d856ec3c 
Tue Aug 13 2019 05:33:48 GMT+0200 (Eastern European Standard Time): GET, /todos/123456 
Tue Aug 13 2019 05:33:48 GMT+0200 (Eastern European Standard Time): DELETE, /todos/5d522f9899007214d856ec2e 
Tue Aug 13 2019 05:33:48 GMT+0200 (Eastern European Standard Time): DELETE, /todos/5d522f9c99007214d856ec43 
Tue Aug 13 2019 05:33:48 GMT+0200 (Eastern European Standard Time): DELETE, /todos/5d522f9899007214d856ec2e11 
Tue Aug 13 2019 05:33:48 GMT+0200 (Eastern European Standard Time): PATCH, /todos/5d522f9899007214d856ec2e 
Tue Aug 13 2019 05:33:48 GMT+0200 (Eastern European Standard Time): PATCH, /todos/5d522f9899007214d856ec2f 
Tue Aug 13 2019 05:35:18 GMT+0200 (Eastern European Standard Time): POST, /todos 
Tue Aug 13 2019 05:35:19 GMT+0200 (Eastern European Standard Time): POST, /todos 
Tue Aug 13 2019 05:35:19 GMT+0200 (Eastern European Standard Time): GET, /todos 
Tue Aug 13 2019 05:35:19 GMT+0200 (Eastern European Standard Time): GET, /todos/5d522ff28723311448d7a283 
Tue Aug 13 2019 05:35:20 GMT+0200 (Eastern European Standard Time): GET, /todos/5d522ff88723311448d7a2a0 
Tue Aug 13 2019 05:35:20 GMT+0200 (Eastern European Standard Time): GET, /todos/123456 
Tue Aug 13 2019 05:35:20 GMT+0200 (Eastern European Standard Time): DELETE, /todos/5d522ff28723311448d7a283 
Tue Aug 13 2019 05:35:20 GMT+0200 (Eastern European Standard Time): DELETE, /todos/5d522ff88723311448d7a2b0 
Tue Aug 13 2019 05:35:21 GMT+0200 (Eastern European Standard Time): DELETE, /todos/5d522ff28723311448d7a28311 
Tue Aug 13 2019 05:35:23 GMT+0200 (Eastern European Standard Time): PATCH, /todos/5d522ff28723311448d7a283 
Tue Aug 13 2019 05:35:23 GMT+0200 (Eastern European Standard Time): PATCH, /todos/5d522ff28723311448d7a284 
Tue Aug 13 2019 05:36:13 GMT+0200 (Eastern European Standard Time): POST, /todos 
Tue Aug 13 2019 05:36:13 GMT+0200 (Eastern European Standard Time): POST, /todos 
Tue Aug 13 2019 05:36:13 GMT+0200 (Eastern European Standard Time): GET, /todos 
Tue Aug 13 2019 05:36:14 GMT+0200 (Eastern European Standard Time): GET, /todos/5d523028957fd004d419750e 
Tue Aug 13 2019 05:36:14 GMT+0200 (Eastern European Standard Time): GET, /todos/5d52302e957fd004d419752b 
Tue Aug 13 2019 05:36:14 GMT+0200 (Eastern European Standard Time): GET, /todos/123456 
Tue Aug 13 2019 05:36:15 GMT+0200 (Eastern European Standard Time): DELETE, /todos/5d523028957fd004d419750e 
Tue Aug 13 2019 05:36:15 GMT+0200 (Eastern European Standard Time): DELETE, /todos/5d52302f957fd004d419753b 
Tue Aug 13 2019 05:36:15 GMT+0200 (Eastern European Standard Time): DELETE, /todos/5d523028957fd004d419750e11 
Tue Aug 13 2019 05:36:18 GMT+0200 (Eastern European Standard Time): PATCH, /todos/5d523028957fd004d419750e 
Tue Aug 13 2019 05:36:18 GMT+0200 (Eastern European Standard Time): PATCH, /todos/5d523028957fd004d419750f 
Tue Aug 13 2019 05:37:12 GMT+0200 (Eastern European Standard Time): POST, /todos 
Tue Aug 13 2019 05:37:12 GMT+0200 (Eastern European Standard Time): POST, /todos 
Tue Aug 13 2019 05:37:13 GMT+0200 (Eastern European Standard Time): GET, /todos 
Tue Aug 13 2019 05:37:13 GMT+0200 (Eastern European Standard Time): GET, /todos/5d523064dd1cbd2d60ae9b3c 
Tue Aug 13 2019 05:37:13 GMT+0200 (Eastern European Standard Time): GET, /todos/5d523069dd1cbd2d60ae9b59 
Tue Aug 13 2019 05:37:13 GMT+0200 (Eastern European Standard Time): GET, /todos/123456 
Tue Aug 13 2019 05:37:14 GMT+0200 (Eastern European Standard Time): DELETE, /todos/5d523064dd1cbd2d60ae9b3c 
Tue Aug 13 2019 05:37:14 GMT+0200 (Eastern European Standard Time): DELETE, /todos/5d52306add1cbd2d60ae9b69 
Tue Aug 13 2019 05:37:14 GMT+0200 (Eastern European Standard Time): DELETE, /todos/5d523064dd1cbd2d60ae9b3c11 
Tue Aug 13 2019 05:37:15 GMT+0200 (Eastern European Standard Time): PATCH, /todos/5d523064dd1cbd2d60ae9b3c 
Tue Aug 13 2019 05:37:17 GMT+0200 (Eastern European Standard Time): PATCH, /todos/5d523064dd1cbd2d60ae9b3d 
Tue Aug 13 2019 05:38:51 GMT+0200 (Eastern European Standard Time): POST, /todos 
Tue Aug 13 2019 05:38:51 GMT+0200 (Eastern European Standard Time): POST, /todos 
Tue Aug 13 2019 05:38:52 GMT+0200 (Eastern European Standard Time): GET, /todos 
Tue Aug 13 2019 05:38:52 GMT+0200 (Eastern European Standard Time): GET, /todos/5d5230c47ea512276874e432 
Tue Aug 13 2019 05:38:52 GMT+0200 (Eastern European Standard Time): GET, /todos/5d5230cc7ea512276874e44f 
Tue Aug 13 2019 05:38:52 GMT+0200 (Eastern European Standard Time): GET, /todos/123456 
Tue Aug 13 2019 05:38:53 GMT+0200 (Eastern European Standard Time): DELETE, /todos/5d5230c47ea512276874e432 
Tue Aug 13 2019 05:38:53 GMT+0200 (Eastern European Standard Time): DELETE, /todos/5d5230cd7ea512276874e45f 
Tue Aug 13 2019 05:38:53 GMT+0200 (Eastern European Standard Time): DELETE, /todos/5d5230c47ea512276874e43211 
Tue Aug 13 2019 05:38:54 GMT+0200 (Eastern European Standard Time): PATCH, /todos/5d5230c47ea512276874e432 
Tue Aug 13 2019 05:38:54 GMT+0200 (Eastern European Standard Time): PATCH, /todos/5d5230c47ea512276874e433 
Tue Aug 13 2019 05:40:26 GMT+0200 (Eastern European Standard Time): POST, /todos 
Tue Aug 13 2019 05:40:26 GMT+0200 (Eastern European Standard Time): POST, /todos 
Tue Aug 13 2019 05:40:27 GMT+0200 (Eastern European Standard Time): GET, /todos 
Tue Aug 13 2019 05:40:27 GMT+0200 (Eastern European Standard Time): GET, /todos/5d52312655b83228d8f1df3f 
Tue Aug 13 2019 05:40:27 GMT+0200 (Eastern European Standard Time): GET, /todos/5d52312b55b83228d8f1df5c 
Tue Aug 13 2019 05:40:28 GMT+0200 (Eastern European Standard Time): GET, /todos/123456 
Tue Aug 13 2019 05:40:28 GMT+0200 (Eastern European Standard Time): DELETE, /todos/5d52312655b83228d8f1df3f 
Tue Aug 13 2019 05:40:28 GMT+0200 (Eastern European Standard Time): DELETE, /todos/5d52312c55b83228d8f1df6c 
Tue Aug 13 2019 05:40:28 GMT+0200 (Eastern European Standard Time): DELETE, /todos/5d52312655b83228d8f1df3f11 
Tue Aug 13 2019 05:40:31 GMT+0200 (Eastern European Standard Time): PATCH, /todos/5d52312655b83228d8f1df3f 
Tue Aug 13 2019 05:40:31 GMT+0200 (Eastern European Standard Time): PATCH, /todos/5d52312655b83228d8f1df40 
Tue Aug 13 2019 21:03:07 GMT+0200 (Eastern European Standard Time): POST, /todos 
Tue Aug 13 2019 21:03:08 GMT+0200 (Eastern European Standard Time): POST, /todos 
Tue Aug 13 2019 21:03:08 GMT+0200 (Eastern European Standard Time): GET, /todos 
Tue Aug 13 2019 21:03:08 GMT+0200 (Eastern European Standard Time): GET, /todos/5d530967a556c2173441d1bf 
Tue Aug 13 2019 21:03:08 GMT+0200 (Eastern European Standard Time): GET, /todos/5d53096ca556c2173441d1dc 
Tue Aug 13 2019 21:03:09 GMT+0200 (Eastern European Standard Time): GET, /todos/123456 
Tue Aug 13 2019 21:03:09 GMT+0200 (Eastern European Standard Time): DELETE, /todos/5d530967a556c2173441d1bf 
Tue Aug 13 2019 21:03:09 GMT+0200 (Eastern European Standard Time): DELETE, /todos/5d53096da556c2173441d1ec 
Tue Aug 13 2019 21:03:10 GMT+0200 (Eastern European Standard Time): DELETE, /todos/5d530967a556c2173441d1bf11 
Tue Aug 13 2019 21:03:12 GMT+0200 (Eastern European Standard Time): PATCH, /todos/5d530967a556c2173441d1bf 
Tue Aug 13 2019 21:03:12 GMT+0200 (Eastern European Standard Time): PATCH, /todos/5d530967a556c2173441d1c0 
Tue Aug 13 2019 21:03:13 GMT+0200 (Eastern European Standard Time): GET, /users/me 
Tue Aug 13 2019 21:03:53 GMT+0200 (Eastern European Standard Time): POST, /todos 
Tue Aug 13 2019 21:03:53 GMT+0200 (Eastern European Standard Time): POST, /todos 
Tue Aug 13 2019 21:03:53 GMT+0200 (Eastern European Standard Time): GET, /todos 
Tue Aug 13 2019 21:03:54 GMT+0200 (Eastern European Standard Time): GET, /todos/5d5309945d221921e45bf017 
Tue Aug 13 2019 21:03:54 GMT+0200 (Eastern European Standard Time): GET, /todos/5d53099a5d221921e45bf034 
Tue Aug 13 2019 21:03:54 GMT+0200 (Eastern European Standard Time): GET, /todos/123456 
Tue Aug 13 2019 21:03:55 GMT+0200 (Eastern European Standard Time): DELETE, /todos/5d5309945d221921e45bf017 
Tue Aug 13 2019 21:03:55 GMT+0200 (Eastern European Standard Time): DELETE, /todos/5d53099b5d221921e45bf044 
Tue Aug 13 2019 21:03:55 GMT+0200 (Eastern European Standard Time): DELETE, /todos/5d5309945d221921e45bf01711 
Tue Aug 13 2019 21:03:58 GMT+0200 (Eastern European Standard Time): PATCH, /todos/5d5309945d221921e45bf017 
Tue Aug 13 2019 21:03:58 GMT+0200 (Eastern European Standard Time): PATCH, /todos/5d5309945d221921e45bf018 
Tue Aug 13 2019 21:03:58 GMT+0200 (Eastern European Standard Time): GET, /users/me 
Tue Aug 13 2019 21:04:55 GMT+0200 (Eastern European Standard Time): POST, /todos 
Tue Aug 13 2019 21:04:56 GMT+0200 (Eastern European Standard Time): POST, /todos 
Tue Aug 13 2019 21:04:56 GMT+0200 (Eastern European Standard Time): GET, /todos 
Tue Aug 13 2019 21:04:56 GMT+0200 (Eastern European Standard Time): GET, /todos/5d5309d3ca3e750438770951 
Tue Aug 13 2019 21:04:57 GMT+0200 (Eastern European Standard Time): GET, /todos/5d5309d9ca3e75043877096e 
Tue Aug 13 2019 21:04:57 GMT+0200 (Eastern European Standard Time): GET, /todos/123456 
Tue Aug 13 2019 21:04:57 GMT+0200 (Eastern European Standard Time): DELETE, /todos/5d5309d3ca3e750438770951 
Tue Aug 13 2019 21:04:58 GMT+0200 (Eastern European Standard Time): DELETE, /todos/5d5309daca3e75043877097e 
Tue Aug 13 2019 21:04:58 GMT+0200 (Eastern European Standard Time): DELETE, /todos/5d5309d3ca3e75043877095111 
Tue Aug 13 2019 21:04:58 GMT+0200 (Eastern European Standard Time): PATCH, /todos/5d5309d3ca3e750438770951 
Tue Aug 13 2019 21:04:59 GMT+0200 (Eastern European Standard Time): PATCH, /todos/5d5309d3ca3e750438770952 
Tue Aug 13 2019 21:04:59 GMT+0200 (Eastern European Standard Time): GET, /users/me 
Tue Aug 13 2019 21:05:28 GMT+0200 (Eastern European Standard Time): POST, /todos 
Tue Aug 13 2019 21:05:29 GMT+0200 (Eastern European Standard Time): POST, /todos 
Tue Aug 13 2019 21:05:29 GMT+0200 (Eastern European Standard Time): GET, /todos 
Tue Aug 13 2019 21:05:29 GMT+0200 (Eastern European Standard Time): GET, /todos/5d5309f4fd193e1e8c479d96 
Tue Aug 13 2019 21:05:30 GMT+0200 (Eastern European Standard Time): GET, /todos/5d5309fafd193e1e8c479db3 
Tue Aug 13 2019 21:05:30 GMT+0200 (Eastern European Standard Time): GET, /todos/123456 
Tue Aug 13 2019 21:05:30 GMT+0200 (Eastern European Standard Time): DELETE, /todos/5d5309f4fd193e1e8c479d96 
Tue Aug 13 2019 21:05:31 GMT+0200 (Eastern European Standard Time): DELETE, /todos/5d5309fbfd193e1e8c479dc3 
Tue Aug 13 2019 21:05:33 GMT+0200 (Eastern European Standard Time): DELETE, /todos/5d5309f4fd193e1e8c479d9611 
Tue Aug 13 2019 21:05:33 GMT+0200 (Eastern European Standard Time): PATCH, /todos/5d5309f4fd193e1e8c479d96 
Tue Aug 13 2019 21:05:34 GMT+0200 (Eastern European Standard Time): PATCH, /todos/5d5309f4fd193e1e8c479d97 
Tue Aug 13 2019 21:05:34 GMT+0200 (Eastern European Standard Time): GET, /users/me 
Tue Aug 13 2019 21:07:51 GMT+0200 (Eastern European Standard Time): POST, /todos 
Tue Aug 13 2019 21:07:51 GMT+0200 (Eastern European Standard Time): POST, /todos 
Tue Aug 13 2019 21:07:51 GMT+0200 (Eastern European Standard Time): GET, /todos 
Tue Aug 13 2019 21:07:52 GMT+0200 (Eastern European Standard Time): GET, /todos/5d530a8227ab5522b48ee34c 
Tue Aug 13 2019 21:07:52 GMT+0200 (Eastern European Standard Time): GET, /todos/5d530a8827ab5522b48ee369 
Tue Aug 13 2019 21:07:52 GMT+0200 (Eastern European Standard Time): GET, /todos/123456 
Tue Aug 13 2019 21:07:53 GMT+0200 (Eastern European Standard Time): DELETE, /todos/5d530a8227ab5522b48ee34c 
Tue Aug 13 2019 21:08:03 GMT+0200 (Eastern European Standard Time): POST, /todos 
Tue Aug 13 2019 21:08:03 GMT+0200 (Eastern European Standard Time): POST, /todos 
Tue Aug 13 2019 21:08:03 GMT+0200 (Eastern European Standard Time): GET, /todos 
Tue Aug 13 2019 21:08:03 GMT+0200 (Eastern European Standard Time): GET, /todos/5d530a8ebe398c162cee6e63 
Tue Aug 13 2019 21:08:04 GMT+0200 (Eastern European Standard Time): GET, /todos/5d530a94be398c162cee6e80 
Tue Aug 13 2019 21:08:04 GMT+0200 (Eastern European Standard Time): GET, /todos/123456 
Tue Aug 13 2019 21:08:04 GMT+0200 (Eastern European Standard Time): DELETE, /todos/5d530a8ebe398c162cee6e63 
Tue Aug 13 2019 21:08:05 GMT+0200 (Eastern European Standard Time): DELETE, /todos/5d530a95be398c162cee6e90 
Tue Aug 13 2019 21:08:05 GMT+0200 (Eastern European Standard Time): DELETE, /todos/5d530a8ebe398c162cee6e6311 
Tue Aug 13 2019 21:08:07 GMT+0200 (Eastern European Standard Time): PATCH, /todos/5d530a8ebe398c162cee6e63 
Tue Aug 13 2019 21:08:08 GMT+0200 (Eastern European Standard Time): PATCH, /todos/5d530a8ebe398c162cee6e64 
Tue Aug 13 2019 21:08:08 GMT+0200 (Eastern European Standard Time): GET, /users/me 
Tue Aug 13 2019 21:08:36 GMT+0200 (Eastern European Standard Time): POST, /todos 
Tue Aug 13 2019 21:08:36 GMT+0200 (Eastern European Standard Time): POST, /todos 
Tue Aug 13 2019 21:08:36 GMT+0200 (Eastern European Standard Time): GET, /todos 
Tue Aug 13 2019 21:08:37 GMT+0200 (Eastern European Standard Time): GET, /todos/5d530aaf2068292ae4da515c 
Tue Aug 13 2019 21:08:37 GMT+0200 (Eastern European Standard Time): GET, /todos/5d530ab52068292ae4da5179 
Tue Aug 13 2019 21:08:37 GMT+0200 (Eastern European Standard Time): GET, /todos/123456 
Tue Aug 13 2019 21:08:38 GMT+0200 (Eastern European Standard Time): DELETE, /todos/5d530aaf2068292ae4da515c 
Tue Aug 13 2019 21:08:38 GMT+0200 (Eastern European Standard Time): DELETE, /todos/5d530ab62068292ae4da5189 
Tue Aug 13 2019 21:08:38 GMT+0200 (Eastern European Standard Time): DELETE, /todos/5d530aaf2068292ae4da515c11 
Tue Aug 13 2019 21:08:41 GMT+0200 (Eastern European Standard Time): PATCH, /todos/5d530aaf2068292ae4da515c 
Tue Aug 13 2019 21:08:41 GMT+0200 (Eastern European Standard Time): PATCH, /todos/5d530aaf2068292ae4da515d 
Tue Aug 13 2019 21:08:41 GMT+0200 (Eastern European Standard Time): GET, /users/me 
Tue Aug 13 2019 21:08:42 GMT+0200 (Eastern European Standard Time): GET, /users/me 
Tue Aug 13 2019 21:09:14 GMT+0200 (Eastern European Standard Time): POST, /todos 
Tue Aug 13 2019 21:09:14 GMT+0200 (Eastern European Standard Time): POST, /todos 
Tue Aug 13 2019 21:09:14 GMT+0200 (Eastern European Standard Time): GET, /todos 
Tue Aug 13 2019 21:09:15 GMT+0200 (Eastern European Standard Time): GET, /todos/5d530ad5d80421330cd59e2c 
Tue Aug 13 2019 21:09:15 GMT+0200 (Eastern European Standard Time): GET, /todos/5d530adbd80421330cd59e49 
Tue Aug 13 2019 21:09:15 GMT+0200 (Eastern European Standard Time): GET, /todos/123456 
Tue Aug 13 2019 21:09:16 GMT+0200 (Eastern European Standard Time): DELETE, /todos/5d530ad5d80421330cd59e2c 
Tue Aug 13 2019 21:09:16 GMT+0200 (Eastern European Standard Time): DELETE, /todos/5d530adcd80421330cd59e59 
Tue Aug 13 2019 21:09:18 GMT+0200 (Eastern European Standard Time): DELETE, /todos/5d530ad5d80421330cd59e2c11 
Tue Aug 13 2019 21:09:19 GMT+0200 (Eastern European Standard Time): PATCH, /todos/5d530ad5d80421330cd59e2c 
Tue Aug 13 2019 21:09:19 GMT+0200 (Eastern European Standard Time): PATCH, /todos/5d530ad5d80421330cd59e2d 
Tue Aug 13 2019 21:09:19 GMT+0200 (Eastern European Standard Time): GET, /users/me 
Tue Aug 13 2019 21:09:20 GMT+0200 (Eastern European Standard Time): GET, /users/me 
Tue Aug 13 2019 21:22:05 GMT+0200 (Eastern European Standard Time): POST, /todos 
Tue Aug 13 2019 21:22:05 GMT+0200 (Eastern European Standard Time): POST, /todos 
Tue Aug 13 2019 21:22:06 GMT+0200 (Eastern European Standard Time): GET, /todos 
Tue Aug 13 2019 21:22:06 GMT+0200 (Eastern European Standard Time): GET, /todos/5d530dd8e23d9e0bd8c19784 
Tue Aug 13 2019 21:22:06 GMT+0200 (Eastern European Standard Time): GET, /todos/5d530ddee23d9e0bd8c197a1 
Tue Aug 13 2019 21:22:07 GMT+0200 (Eastern European Standard Time): GET, /todos/123456 
Tue Aug 13 2019 21:22:07 GMT+0200 (Eastern European Standard Time): DELETE, /todos/5d530dd8e23d9e0bd8c19784 
Tue Aug 13 2019 21:22:09 GMT+0200 (Eastern European Standard Time): DELETE, /todos/5d530de1e23d9e0bd8c197b1 
Tue Aug 13 2019 21:22:10 GMT+0200 (Eastern European Standard Time): DELETE, /todos/5d530dd8e23d9e0bd8c1978411 
Tue Aug 13 2019 21:22:10 GMT+0200 (Eastern European Standard Time): PATCH, /todos/5d530dd8e23d9e0bd8c19784 
Tue Aug 13 2019 21:22:11 GMT+0200 (Eastern European Standard Time): PATCH, /todos/5d530dd8e23d9e0bd8c19785 
Tue Aug 13 2019 21:22:11 GMT+0200 (Eastern European Standard Time): GET, /users/me 
Tue Aug 13 2019 21:22:11 GMT+0200 (Eastern European Standard Time): GET, /users/me 
Tue Aug 13 2019 21:22:44 GMT+0200 (Eastern European Standard Time): POST, /todos 
Tue Aug 13 2019 21:22:44 GMT+0200 (Eastern European Standard Time): POST, /todos 
Tue Aug 13 2019 21:22:44 GMT+0200 (Eastern European Standard Time): GET, /todos 
Tue Aug 13 2019 21:22:45 GMT+0200 (Eastern European Standard Time): GET, /todos/5d530dffc948b716cc58c729 
Tue Aug 13 2019 21:22:45 GMT+0200 (Eastern European Standard Time): GET, /todos/5d530e05c948b716cc58c746 
Tue Aug 13 2019 21:22:46 GMT+0200 (Eastern European Standard Time): GET, /todos/123456 
Tue Aug 13 2019 21:22:46 GMT+0200 (Eastern European Standard Time): DELETE, /todos/5d530dffc948b716cc58c729 
Tue Aug 13 2019 21:22:46 GMT+0200 (Eastern European Standard Time): DELETE, /todos/5d530e06c948b716cc58c756 
Tue Aug 13 2019 21:22:47 GMT+0200 (Eastern European Standard Time): DELETE, /todos/5d530dffc948b716cc58c72911 
Tue Aug 13 2019 21:22:47 GMT+0200 (Eastern European Standard Time): PATCH, /todos/5d530dffc948b716cc58c729 
Tue Aug 13 2019 21:22:48 GMT+0200 (Eastern European Standard Time): PATCH, /todos/5d530dffc948b716cc58c72a 
Tue Aug 13 2019 21:22:48 GMT+0200 (Eastern European Standard Time): GET, /users/me 
Tue Aug 13 2019 21:22:48 GMT+0200 (Eastern European Standard Time): GET, /users/me 
Tue Aug 13 2019 21:22:49 GMT+0200 (Eastern European Standard Time): GET, /users 
Tue Aug 13 2019 21:23:23 GMT+0200 (Eastern European Standard Time): POST, /todos 
Tue Aug 13 2019 21:23:23 GMT+0200 (Eastern European Standard Time): POST, /todos 
Tue Aug 13 2019 21:23:23 GMT+0200 (Eastern European Standard Time): GET, /todos 
Tue Aug 13 2019 21:23:24 GMT+0200 (Eastern European Standard Time): GET, /todos/5d530e262075ed05f48ae6cd 
Tue Aug 13 2019 21:23:24 GMT+0200 (Eastern European Standard Time): GET, /todos/5d530e2c2075ed05f48ae6ea 
Tue Aug 13 2019 21:23:25 GMT+0200 (Eastern European Standard Time): GET, /todos/123456 
Tue Aug 13 2019 21:23:25 GMT+0200 (Eastern European Standard Time): DELETE, /todos/5d530e262075ed05f48ae6cd 
Tue Aug 13 2019 21:23:27 GMT+0200 (Eastern European Standard Time): DELETE, /todos/5d530e2f2075ed05f48ae6fa 
Tue Aug 13 2019 21:23:28 GMT+0200 (Eastern European Standard Time): DELETE, /todos/5d530e262075ed05f48ae6cd11 
Tue Aug 13 2019 21:23:28 GMT+0200 (Eastern European Standard Time): PATCH, /todos/5d530e262075ed05f48ae6cd 
Tue Aug 13 2019 21:23:29 GMT+0200 (Eastern European Standard Time): PATCH, /todos/5d530e262075ed05f48ae6ce 
Tue Aug 13 2019 21:23:29 GMT+0200 (Eastern European Standard Time): GET, /users/me 
Tue Aug 13 2019 21:23:29 GMT+0200 (Eastern European Standard Time): GET, /users/me 
Tue Aug 13 2019 21:23:30 GMT+0200 (Eastern European Standard Time): POST, /users 
Tue Aug 13 2019 21:24:10 GMT+0200 (Eastern European Standard Time): POST, /todos 
Tue Aug 13 2019 21:24:10 GMT+0200 (Eastern European Standard Time): POST, /todos 
Tue Aug 13 2019 21:24:11 GMT+0200 (Eastern European Standard Time): GET, /todos 
Tue Aug 13 2019 21:24:11 GMT+0200 (Eastern European Standard Time): GET, /todos/5d530e5537c2121e18c53f79 
Tue Aug 13 2019 21:24:12 GMT+0200 (Eastern European Standard Time): GET, /todos/5d530e5c37c2121e18c53f96 
Tue Aug 13 2019 21:24:12 GMT+0200 (Eastern European Standard Time): GET, /todos/123456 
Tue Aug 13 2019 21:24:12 GMT+0200 (Eastern European Standard Time): DELETE, /todos/5d530e5537c2121e18c53f79 
Tue Aug 13 2019 21:24:13 GMT+0200 (Eastern European Standard Time): DELETE, /todos/5d530e5d37c2121e18c53fa6 
Tue Aug 13 2019 21:24:13 GMT+0200 (Eastern European Standard Time): DELETE, /todos/5d530e5537c2121e18c53f7911 
Tue Aug 13 2019 21:24:13 GMT+0200 (Eastern European Standard Time): PATCH, /todos/5d530e5537c2121e18c53f79 
Tue Aug 13 2019 21:24:14 GMT+0200 (Eastern European Standard Time): PATCH, /todos/5d530e5537c2121e18c53f7a 
Tue Aug 13 2019 21:24:14 GMT+0200 (Eastern European Standard Time): GET, /users/me 
Tue Aug 13 2019 21:24:14 GMT+0200 (Eastern European Standard Time): GET, /users/me 
Tue Aug 13 2019 21:24:15 GMT+0200 (Eastern European Standard Time): POST, /users 
Tue Aug 13 2019 21:31:31 GMT+0200 (Eastern European Standard Time): POST, /todos 
Tue Aug 13 2019 21:31:31 GMT+0200 (Eastern European Standard Time): POST, /todos 
Tue Aug 13 2019 21:31:32 GMT+0200 (Eastern European Standard Time): GET, /todos 
Tue Aug 13 2019 21:31:32 GMT+0200 (Eastern European Standard Time): GET, /todos/5d53100e8bdb7f28d09b51b8 
Tue Aug 13 2019 21:31:33 GMT+0200 (Eastern European Standard Time): GET, /todos/5d5310158bdb7f28d09b51d5 
Tue Aug 13 2019 21:31:33 GMT+0200 (Eastern European Standard Time): GET, /todos/123456 
Tue Aug 13 2019 21:31:35 GMT+0200 (Eastern European Standard Time): DELETE, /todos/5d53100e8bdb7f28d09b51b8 
Tue Aug 13 2019 21:31:36 GMT+0200 (Eastern European Standard Time): DELETE, /todos/5d5310188bdb7f28d09b51e5 
Tue Aug 13 2019 21:31:36 GMT+0200 (Eastern European Standard Time): DELETE, /todos/5d53100e8bdb7f28d09b51b811 
Tue Aug 13 2019 21:31:37 GMT+0200 (Eastern European Standard Time): PATCH, /todos/5d53100e8bdb7f28d09b51b8 
Tue Aug 13 2019 21:31:37 GMT+0200 (Eastern European Standard Time): PATCH, /todos/5d53100e8bdb7f28d09b51b9 
Tue Aug 13 2019 21:31:38 GMT+0200 (Eastern European Standard Time): GET, /users/me 
Tue Aug 13 2019 21:31:38 GMT+0200 (Eastern European Standard Time): GET, /users/me 
Tue Aug 13 2019 21:31:39 GMT+0200 (Eastern European Standard Time): POST, /users 
Tue Aug 13 2019 21:31:39 GMT+0200 (Eastern European Standard Time): POST, /users 
Tue Aug 13 2019 21:31:40 GMT+0200 (Eastern European Standard Time): POST, /users 
